#
# A fatal error has been detected by the Java Runtime Environment:
#
#  Internal Error (safepoint.cpp:310), pid=4790, tid=10499
#  guarantee(PageArmed == 0) failed: invariant
#
# JRE version: Java(TM) SE Runtime Environment (8.0_25-b17) (build 1.8.0_25-b17)
# Java VM: Java HotSpot(TM) 64-Bit Server VM (25.25-b02 mixed mode bsd-amd64 compressed oops)
# Failed to write core dump. Core dumps have been disabled. To enable core dumping, try "ulimit -c unlimited" before starting Java again
#
# If you would like to submit a bug report, please visit:
#   http://bugreport.sun.com/bugreport/crash.jsp
#

---------------  T H R E A D  ---------------

Current thread (0x00007f905d002800):  VMThread [stack: 0x0000000118c69000,0x0000000118d69000] [id=10499]

Stack: [0x0000000118c69000,0x0000000118d69000],  sp=0x0000000118d68910,  free space=1022k
Native frames: (J=compiled Java code, j=interpreted, Vv=VM code, C=native code)
V  [libjvm.dylib+0x579644]
V  [libjvm.dylib+0x1daceb]
V  [libjvm.dylib+0x4b1268]
V  [libjvm.dylib+0x57f6d1]
V  [libjvm.dylib+0x57efff]
V  [libjvm.dylib+0x45d87e]
C  [libsystem_pthread.dylib+0x3268]  _pthread_body+0x83
C  [libsystem_pthread.dylib+0x31e5]  _pthread_body+0x0
C  [libsystem_pthread.dylib+0x141d]  thread_start+0xd

VM_Operation (0x00000001190a6658): Exit, mode: safepoint, requested by thread 0x00007f905c82e000


---------------  P R O C E S S  ---------------

Java Threads: ( => current thread )
  0x00007f905c82e000 JavaThread "SIGTERM handler" daemon [_thread_blocked, id=12299, stack(0x0000000118fa7000,0x00000001190a7000)]
  0x00007f905c00d000 JavaThread "Service Thread" daemon [_thread_blocked, id=18179, stack(0x000000011abb5000,0x000000011acb5000)]
  0x00007f905c029800 JavaThread "C1 CompilerThread2" daemon [_thread_blocked, id=17667, stack(0x000000011aab2000,0x000000011abb2000)]
  0x00007f905c837000 JavaThread "C2 CompilerThread1" daemon [_thread_blocked, id=17155, stack(0x000000011a9af000,0x000000011aaaf000)]
  0x00007f905d00b000 JavaThread "C2 CompilerThread0" daemon [_thread_blocked, id=16643, stack(0x000000011a8ac000,0x000000011a9ac000)]
  0x00007f905d005000 JavaThread "Signal Dispatcher" daemon [_thread_in_vm, id=13331, stack(0x000000011a7a9000,0x000000011a8a9000)]
  0x00007f905c82a800 JavaThread "Finalizer" daemon [_thread_blocked, id=11523, stack(0x0000000118e6f000,0x0000000118f6f000)]
  0x00007f905b80b800 JavaThread "Reference Handler" daemon [_thread_blocked, id=11011, stack(0x0000000118d6c000,0x0000000118e6c000)]
  0x00007f905c801000 JavaThread "main" [_thread_in_Java, id=3331, stack(0x000000010257e000,0x000000010267e000)]

Other Threads:
=>0x00007f905d002800 VMThread [stack: 0x0000000118c69000,0x0000000118d69000] [id=10499]

VM state:synchronizing (normal execution)

VM Mutex/Monitor currently owned by a thread:  ([mutex/lock_event])
[0x00007f905b51e0e0] Safepoint_lock - owner thread: 0x00007f905d002800
[0x00007f905b51e160] Threads_lock - owner thread: 0x00007f905d002800

Heap:
 PSYoungGen      total 38400K, used 29893K [0x0000000795580000, 0x0000000798000000, 0x00000007c0000000)
  eden space 33280K, 89% used [0x0000000795580000,0x00000007972b1740,0x0000000797600000)
  from space 5120K, 0% used [0x0000000797b00000,0x0000000797b00000,0x0000000798000000)
  to   space 5120K, 0% used [0x0000000797600000,0x0000000797600000,0x0000000797b00000)
 ParOldGen       total 87552K, used 0K [0x0000000740000000, 0x0000000745580000, 0x0000000795580000)
  object space 87552K, 0% used [0x0000000740000000,0x0000000740000000,0x0000000745580000)
 Metaspace       used 2935K, capacity 4564K, committed 4864K, reserved 1056768K
  class space    used 317K, capacity 388K, committed 512K, reserved 1048576K

Card table byte_map: [0x00000001123c0000,0x00000001127c1000] byte_map_base: 0x000000010e9c0000

Marking Bits: (ParMarkBitMap*) 0x0000000101efe390
 Begin Bits: [0x0000000112d75000, 0x0000000114d75000)
 End Bits:   [0x0000000114d75000, 0x0000000116d75000)

Polling page: 0x00000001026c2000

CodeCache: size=245760Kb used=1203Kb max_used=1213Kb free=244556Kb
 bounds [0x0000000103000000, 0x0000000103270000, 0x0000000112000000]
 total_blobs=320 nmethods=75 adapters=160
 compilation: enabled

Compilation events (10 events):
Event: 26.081 Thread 0x00007f905c029800   71 %     3       sg.edu.nus.cs2020.Sort::checkSorted @ 51 (95 bytes)
Event: 26.083 Thread 0x00007f905c029800 nmethod 71% 0x000000010312bbd0 code [0x000000010312be20, 0x000000010312c968]
Event: 26.083 Thread 0x00007f905c029800   72       3       sg.edu.nus.cs2020.Sort::checkSorted (95 bytes)
Event: 26.084 Thread 0x00007f905c029800 nmethod 72 0x000000010312ced0 code [0x000000010312d100, 0x000000010312dbe8]
Event: 26.084 Thread 0x00007f905c837000   73 %     4       sg.edu.nus.cs2020.Sort::checkSorted @ 51 (95 bytes)
Event: 26.084 Thread 0x00007f905c029800   74       1       java.nio.Buffer::limit (5 bytes)
Event: 26.084 Thread 0x00007f905c029800 nmethod 74 0x0000000103126b50 code [0x0000000103126ca0, 0x0000000103126db0]
Event: 26.087 Thread 0x00007f905d00b000   75       4       sg.edu.nus.cs2020.Sort::generateArrayTestCase (33 bytes)
Event: 26.088 Thread 0x00007f905c837000 nmethod 73% 0x0000000103129890 code [0x00000001031299e0, 0x0000000103129c38]
Event: 26.095 Thread 0x00007f905d00b000 nmethod 75 0x00000001031307d0 code [0x0000000103130960, 0x0000000103130d18]

GC Heap History (0 events):
No events

Deoptimization events (6 events):
Event: 0.166 Thread 0x00007f905c801000 Uncommon trap: reason=array_check action=maybe_recompile pc=0x0000000103123b70 method=sg.edu.nus.cs2020.SorterA.swap([Ljava/lang/Comparable;II)V @ 10
Event: 0.166 Thread 0x00007f905c801000 Uncommon trap: reason=array_check action=maybe_recompile pc=0x0000000103123b70 method=sg.edu.nus.cs2020.SorterA.swap([Ljava/lang/Comparable;II)V @ 10
Event: 0.166 Thread 0x00007f905c801000 Uncommon trap: reason=array_check action=maybe_recompile pc=0x0000000103123b70 method=sg.edu.nus.cs2020.SorterA.swap([Ljava/lang/Comparable;II)V @ 10
Event: 0.166 Thread 0x00007f905c801000 Uncommon trap: reason=array_check action=maybe_recompile pc=0x0000000103123b70 method=sg.edu.nus.cs2020.SorterA.swap([Ljava/lang/Comparable;II)V @ 10
Event: 0.168 Thread 0x00007f905c801000 Uncommon trap: reason=array_check action=maybe_recompile pc=0x0000000103123394 method=sg.edu.nus.cs2020.SorterA.swap([Ljava/lang/Comparable;II)V @ 15
Event: 0.168 Thread 0x00007f905c801000 Uncommon trap: reason=array_check action=maybe_recompile pc=0x0000000103123394 method=sg.edu.nus.cs2020.SorterA.swap([Ljava/lang/Comparable;II)V @ 15

Internal exceptions (6 events):
Event: 0.061 Thread 0x00007f905c801000 Exception <a 'java/lang/NoSuchMethodError': Method sun.misc.Unsafe.defineClass(Ljava/lang/String;[BII)Ljava/lang/Class; name or signature does not match> (0x0000000795591fe0) thrown at [/HUDSON3/workspace/8-2-build-macosx-x86_64/jdk8u25/1514/hotspot/src/s
Event: 0.061 Thread 0x00007f905c801000 Exception <a 'java/lang/NoSuchMethodError': Method sun.misc.Unsafe.prefetchRead(Ljava/lang/Object;J)V name or signature does not match> (0x0000000795592270) thrown at [/HUDSON3/workspace/8-2-build-macosx-x86_64/jdk8u25/1514/hotspot/src/share/vm/prims/jni.
Event: 0.139 Thread 0x00007f905c801000 Exception <a 'java/security/PrivilegedActionException'> (0x0000000795616140) thrown at [/HUDSON3/workspace/8-2-build-macosx-x86_64/jdk8u25/1514/hotspot/src/share/vm/prims/jvm.cpp, line 1312]
Event: 0.144 Thread 0x00007f905c801000 Exception <a 'java/security/PrivilegedActionException'> (0x000000079561c128) thrown at [/HUDSON3/workspace/8-2-build-macosx-x86_64/jdk8u25/1514/hotspot/src/share/vm/prims/jvm.cpp, line 1312]
Event: 0.145 Thread 0x00007f905c801000 Exception <a 'java/security/PrivilegedActionException'> (0x000000079561e4b8) thrown at [/HUDSON3/workspace/8-2-build-macosx-x86_64/jdk8u25/1514/hotspot/src/share/vm/prims/jvm.cpp, line 1312]
Event: 0.153 Thread 0x00007f905c801000 Exception <a 'java/security/PrivilegedActionException'> (0x00000007957787a0) thrown at [/HUDSON3/workspace/8-2-build-macosx-x86_64/jdk8u25/1514/hotspot/src/share/vm/prims/jvm.cpp, line 1312]

Events (10 events):
Event: 26.087 Thread 0x00007f905c801000 DEOPT PACKING pc=0x000000010312a61e sp=0x000000010267d6f0
Event: 26.087 Thread 0x00007f905c801000 DEOPT UNPACKING pc=0x0000000103047373 sp=0x000000010267d498 mode 0
Event: 79.535 loading class sun/misc/Signal$1
Event: 79.536 loading class sun/misc/Signal$1 done
Event: 79.536 Thread 0x00007f905c82e000 Thread added: 0x00007f905c82e000
Event: 79.536 loading class java/lang/Shutdown
Event: 79.536 loading class java/lang/Shutdown done
Event: 79.536 loading class java/lang/Shutdown$Lock
Event: 79.536 loading class java/lang/Shutdown$Lock done
Event: 79.536 Executing VM operation: Exit


Dynamic libraries:
0x0000000003198000 	/System/Library/Frameworks/Cocoa.framework/Versions/A/Cocoa
0x0000000003198000 	/System/Library/Frameworks/Security.framework/Versions/A/Security
0x0000000003198000 	/System/Library/Frameworks/ApplicationServices.framework/Versions/A/ApplicationServices
0x0000000003198000 	/usr/lib/libz.1.dylib
0x0000000003198000 	/usr/lib/libSystem.B.dylib
0x0000000003198000 	/usr/lib/libobjc.A.dylib
0x0000000003198000 	/System/Library/Frameworks/CoreFoundation.framework/Versions/A/CoreFoundation
0x0000000003198000 	/System/Library/Frameworks/Foundation.framework/Versions/C/Foundation
0x0000000003198000 	/System/Library/Frameworks/AppKit.framework/Versions/C/AppKit
0x0000000003198000 	/System/Library/Frameworks/CoreData.framework/Versions/A/CoreData
0x0000000003198000 	/System/Library/PrivateFrameworks/RemoteViewServices.framework/Versions/A/RemoteViewServices
0x0000000003198000 	/System/Library/PrivateFrameworks/UIFoundation.framework/Versions/A/UIFoundation
0x0000000003198000 	/System/Library/Frameworks/IOSurface.framework/Versions/A/IOSurface
0x0000000003198000 	/System/Library/Frameworks/AudioToolbox.framework/Versions/A/AudioToolbox
0x0000000003198000 	/System/Library/Frameworks/AudioUnit.framework/Versions/A/AudioUnit
0x0000000003198000 	/System/Library/PrivateFrameworks/DataDetectorsCore.framework/Versions/A/DataDetectorsCore
0x0000000003198000 	/System/Library/PrivateFrameworks/DesktopServicesPriv.framework/Versions/A/DesktopServicesPriv
0x0000000003198000 	/System/Library/Frameworks/Carbon.framework/Versions/A/Frameworks/HIToolbox.framework/Versions/A/HIToolbox
0x0000000003198000 	/System/Library/Frameworks/QuartzCore.framework/Versions/A/QuartzCore
0x0000000003198000 	/System/Library/Frameworks/Carbon.framework/Versions/A/Frameworks/SpeechRecognition.framework/Versions/A/SpeechRecognition
0x0000000003198000 	/usr/lib/libauto.dylib
0x0000000003198000 	/usr/lib/libicucore.A.dylib
0x0000000003198000 	/usr/lib/libxml2.2.dylib
0x0000000003198000 	/System/Library/PrivateFrameworks/CoreUI.framework/Versions/A/CoreUI
0x0000000003198000 	/System/Library/Frameworks/CoreAudio.framework/Versions/A/CoreAudio
0x0000000003198000 	/System/Library/Frameworks/DiskArbitration.framework/Versions/A/DiskArbitration
0x0000000003198000 	/usr/lib/liblangid.dylib
0x0000000003198000 	/System/Library/PrivateFrameworks/MultitouchSupport.framework/Versions/A/MultitouchSupport
0x0000000003198000 	/System/Library/Frameworks/IOKit.framework/Versions/A/IOKit
0x0000000003198000 	/usr/lib/libDiagnosticMessagesClient.dylib
0x0000000003198000 	/System/Library/Frameworks/CoreServices.framework/Versions/A/CoreServices
0x0000000003198000 	/System/Library/PrivateFrameworks/PerformanceAnalysis.framework/Versions/A/PerformanceAnalysis
0x0000000003198000 	/System/Library/PrivateFrameworks/GenerationalStorage.framework/Versions/A/GenerationalStorage
0x0000000003198000 	/System/Library/Frameworks/OpenGL.framework/Versions/A/OpenGL
0x0000000003198000 	/System/Library/PrivateFrameworks/Sharing.framework/Versions/A/Sharing
0x0000000003198000 	/System/Library/Frameworks/CoreGraphics.framework/Versions/A/CoreGraphics
0x0000000003198000 	/System/Library/Frameworks/CoreText.framework/Versions/A/CoreText
0x0000000003198000 	/System/Library/Frameworks/ImageIO.framework/Versions/A/ImageIO
0x0000000003198000 	/usr/lib/libextension.dylib
0x0000000003198000 	/System/Library/PrivateFrameworks/Backup.framework/Versions/A/Backup
0x0000000003198000 	/usr/lib/libarchive.2.dylib
0x0000000003198000 	/System/Library/Frameworks/CFNetwork.framework/Versions/A/CFNetwork
0x0000000003198000 	/System/Library/Frameworks/SystemConfiguration.framework/Versions/A/SystemConfiguration
0x0000000003198000 	/usr/lib/libCRFSuite.dylib
0x0000000003198000 	/usr/lib/libc++.1.dylib
0x0000000003198000 	/usr/lib/libc++abi.dylib
0x0000000003198000 	/usr/lib/system/libcache.dylib
0x0000000003198000 	/usr/lib/system/libcommonCrypto.dylib
0x0000000003198000 	/usr/lib/system/libcompiler_rt.dylib
0x0000000003198000 	/usr/lib/system/libcopyfile.dylib
0x0000000003198000 	/usr/lib/system/libcorecrypto.dylib
0x0000000003198000 	/usr/lib/system/libdispatch.dylib
0x0000000003198000 	/usr/lib/system/libdyld.dylib
0x0000000003198000 	/usr/lib/system/libkeymgr.dylib
0x0000000003198000 	/usr/lib/system/liblaunch.dylib
0x0000000003198000 	/usr/lib/system/libmacho.dylib
0x0000000003198000 	/usr/lib/system/libquarantine.dylib
0x0000000003198000 	/usr/lib/system/libremovefile.dylib
0x0000000003198000 	/usr/lib/system/libsystem_asl.dylib
0x0000000003198000 	/usr/lib/system/libsystem_blocks.dylib
0x0000000003198000 	/usr/lib/system/libsystem_c.dylib
0x0000000003198000 	/usr/lib/system/libsystem_configuration.dylib
0x0000000003198000 	/usr/lib/system/libsystem_coreservices.dylib
0x0000000003198000 	/usr/lib/system/libsystem_coretls.dylib
0x0000000003198000 	/usr/lib/system/libsystem_dnssd.dylib
0x0000000003198000 	/usr/lib/system/libsystem_info.dylib
0x0000000003198000 	/usr/lib/system/libsystem_kernel.dylib
0x0000000003198000 	/usr/lib/system/libsystem_m.dylib
0x0000000003198000 	/usr/lib/system/libsystem_malloc.dylib
0x0000000003198000 	/usr/lib/system/libsystem_network.dylib
0x0000000003198000 	/usr/lib/system/libsystem_networkextension.dylib
0x0000000003198000 	/usr/lib/system/libsystem_notify.dylib
0x0000000003198000 	/usr/lib/system/libsystem_platform.dylib
0x0000000003198000 	/usr/lib/system/libsystem_pthread.dylib
0x0000000003198000 	/usr/lib/system/libsystem_sandbox.dylib
0x0000000003198000 	/usr/lib/system/libsystem_secinit.dylib
0x0000000003198000 	/usr/lib/system/libsystem_stats.dylib
0x0000000003198000 	/usr/lib/system/libsystem_trace.dylib
0x0000000003198000 	/usr/lib/system/libunc.dylib
0x0000000003198000 	/usr/lib/system/libunwind.dylib
0x0000000003198000 	/usr/lib/system/libxpc.dylib
0x0000000003198000 	/usr/lib/libbz2.1.0.dylib
0x0000000003198000 	/usr/lib/liblzma.5.dylib
0x0000000003198000 	/usr/lib/libbsm.0.dylib
0x0000000003198000 	/usr/lib/libsqlite3.dylib
0x0000000003198000 	/usr/lib/system/libkxld.dylib
0x0000000003198000 	/usr/lib/libxar.1.dylib
0x0000000003198000 	/usr/lib/libpam.2.dylib
0x0000000003198000 	/usr/lib/libOpenScriptingUtil.dylib
0x0000000003198000 	/System/Library/Frameworks/CoreServices.framework/Versions/A/Frameworks/FSEvents.framework/Versions/A/FSEvents
0x0000000003198000 	/System/Library/Frameworks/CoreServices.framework/Versions/A/Frameworks/CarbonCore.framework/Versions/A/CarbonCore
0x0000000003198000 	/System/Library/Frameworks/CoreServices.framework/Versions/A/Frameworks/Metadata.framework/Versions/A/Metadata
0x0000000003198000 	/System/Library/Frameworks/CoreServices.framework/Versions/A/Frameworks/OSServices.framework/Versions/A/OSServices
0x0000000003198000 	/System/Library/Frameworks/CoreServices.framework/Versions/A/Frameworks/SearchKit.framework/Versions/A/SearchKit
0x0000000003198000 	/System/Library/Frameworks/CoreServices.framework/Versions/A/Frameworks/AE.framework/Versions/A/AE
0x0000000003198000 	/System/Library/Frameworks/CoreServices.framework/Versions/A/Frameworks/LaunchServices.framework/Versions/A/LaunchServices
0x0000000003198000 	/System/Library/Frameworks/CoreServices.framework/Versions/A/Frameworks/DictionaryServices.framework/Versions/A/DictionaryServices
0x0000000003198000 	/System/Library/Frameworks/NetFS.framework/Versions/A/NetFS
0x0000000003198000 	/System/Library/PrivateFrameworks/NetAuth.framework/Versions/A/NetAuth
0x0000000003198000 	/System/Library/PrivateFrameworks/login.framework/Versions/A/Frameworks/loginsupport.framework/Versions/A/loginsupport
0x0000000003198000 	/System/Library/PrivateFrameworks/TCC.framework/Versions/A/TCC
0x0000000003198000 	/usr/lib/libmecabra.dylib
0x0000000003198000 	/System/Library/Frameworks/ApplicationServices.framework/Versions/A/Frameworks/ATS.framework/Versions/A/ATS
0x0000000003198000 	/System/Library/Frameworks/ApplicationServices.framework/Versions/A/Frameworks/ColorSync.framework/Versions/A/ColorSync
0x0000000003198000 	/System/Library/Frameworks/ApplicationServices.framework/Versions/A/Frameworks/HIServices.framework/Versions/A/HIServices
0x0000000003198000 	/System/Library/Frameworks/ApplicationServices.framework/Versions/A/Frameworks/LangAnalysis.framework/Versions/A/LangAnalysis
0x0000000003198000 	/System/Library/Frameworks/ApplicationServices.framework/Versions/A/Frameworks/PrintCore.framework/Versions/A/PrintCore
0x0000000003198000 	/System/Library/Frameworks/ApplicationServices.framework/Versions/A/Frameworks/QD.framework/Versions/A/QD
0x0000000003198000 	/System/Library/Frameworks/ApplicationServices.framework/Versions/A/Frameworks/SpeechSynthesis.framework/Versions/A/SpeechSynthesis
0x0000000003198000 	/System/Library/Frameworks/Accelerate.framework/Versions/A/Accelerate
0x0000000003198000 	/System/Library/Frameworks/Accelerate.framework/Versions/A/Frameworks/vImage.framework/Versions/A/vImage
0x0000000003198000 	/System/Library/Frameworks/Accelerate.framework/Versions/A/Frameworks/vecLib.framework/Versions/A/vecLib
0x0000000003198000 	/System/Library/Frameworks/Accelerate.framework/Versions/A/Frameworks/vecLib.framework/Versions/A/libvDSP.dylib
0x0000000003198000 	/System/Library/Frameworks/Accelerate.framework/Versions/A/Frameworks/vecLib.framework/Versions/A/libvMisc.dylib
0x0000000003198000 	/System/Library/Frameworks/Accelerate.framework/Versions/A/Frameworks/vecLib.framework/Versions/A/libLAPACK.dylib
0x0000000003198000 	/System/Library/Frameworks/Accelerate.framework/Versions/A/Frameworks/vecLib.framework/Versions/A/libBLAS.dylib
0x0000000003198000 	/System/Library/Frameworks/Accelerate.framework/Versions/A/Frameworks/vecLib.framework/Versions/A/libLinearAlgebra.dylib
0x0000000003198000 	/System/Library/Frameworks/ApplicationServices.framework/Versions/A/Frameworks/ATS.framework/Versions/A/Resources/libFontParser.dylib
0x0000000003198000 	/System/Library/Frameworks/ApplicationServices.framework/Versions/A/Frameworks/ATS.framework/Versions/A/Resources/libFontRegistry.dylib
0x0000000003198000 	/System/Library/PrivateFrameworks/AppleVPA.framework/Versions/A/AppleVPA
0x0000000003198000 	/System/Library/PrivateFrameworks/AppleJPEG.framework/Versions/A/AppleJPEG
0x0000000003198000 	/System/Library/Frameworks/ImageIO.framework/Versions/A/Resources/libJPEG.dylib
0x0000000003198000 	/System/Library/Frameworks/ImageIO.framework/Versions/A/Resources/libTIFF.dylib
0x0000000003198000 	/System/Library/Frameworks/ImageIO.framework/Versions/A/Resources/libPng.dylib
0x0000000003198000 	/System/Library/Frameworks/ImageIO.framework/Versions/A/Resources/libGIF.dylib
0x0000000003198000 	/System/Library/Frameworks/ImageIO.framework/Versions/A/Resources/libJP2.dylib
0x0000000003198000 	/System/Library/Frameworks/ImageIO.framework/Versions/A/Resources/libRadiance.dylib
0x0000000003198000 	/System/Library/Frameworks/CoreVideo.framework/Versions/A/CoreVideo
0x0000000003198000 	/System/Library/Frameworks/OpenGL.framework/Versions/A/Libraries/libGLU.dylib
0x0000000003198000 	/System/Library/Frameworks/OpenGL.framework/Versions/A/Libraries/libGFXShared.dylib
0x0000000003198000 	/System/Library/Frameworks/OpenGL.framework/Versions/A/Libraries/libGL.dylib
0x0000000003198000 	/System/Library/Frameworks/OpenGL.framework/Versions/A/Libraries/libGLImage.dylib
0x0000000003198000 	/System/Library/Frameworks/OpenGL.framework/Versions/A/Libraries/libCVMSPluginSupport.dylib
0x0000000003198000 	/System/Library/Frameworks/OpenGL.framework/Versions/A/Libraries/libCoreVMClient.dylib
0x0000000003198000 	/usr/lib/libcups.2.dylib
0x0000000003198000 	/System/Library/Frameworks/Kerberos.framework/Versions/A/Kerberos
0x0000000003198000 	/System/Library/Frameworks/GSS.framework/Versions/A/GSS
0x0000000003198000 	/usr/lib/libresolv.9.dylib
0x0000000003198000 	/usr/lib/libiconv.2.dylib
0x0000000003198000 	/System/Library/PrivateFrameworks/Heimdal.framework/Versions/A/Heimdal
0x0000000003198000 	/usr/lib/libheimdal-asn1.dylib
0x0000000003198000 	/System/Library/Frameworks/OpenDirectory.framework/Versions/A/OpenDirectory
0x0000000003198000 	/System/Library/PrivateFrameworks/CommonAuth.framework/Versions/A/CommonAuth
0x0000000003198000 	/System/Library/Frameworks/OpenDirectory.framework/Versions/A/Frameworks/CFOpenDirectory.framework/Versions/A/CFOpenDirectory
0x0000000003198000 	/System/Library/Frameworks/SecurityFoundation.framework/Versions/A/SecurityFoundation
0x0000000003198000 	/System/Library/PrivateFrameworks/LanguageModeling.framework/Versions/A/LanguageModeling
0x0000000003198000 	/usr/lib/libcmph.dylib
0x0000000003198000 	/System/Library/Frameworks/ServiceManagement.framework/Versions/A/ServiceManagement
0x0000000003198000 	/usr/lib/libxslt.1.dylib
0x0000000003198000 	/System/Library/Frameworks/Carbon.framework/Versions/A/Frameworks/Ink.framework/Versions/A/Ink
0x0000000003198000 	/System/Library/Frameworks/QuartzCore.framework/Versions/A/Frameworks/CoreImage.framework/Versions/A/CoreImage
0x0000000003198000 	/System/Library/PrivateFrameworks/CrashReporterSupport.framework/Versions/A/CrashReporterSupport
0x0000000003198000 	/System/Library/Frameworks/OpenCL.framework/Versions/A/OpenCL
0x0000000003198000 	/System/Library/PrivateFrameworks/FaceCore.framework/Versions/A/FaceCore
0x0000000003198000 	/System/Library/PrivateFrameworks/Ubiquity.framework/Versions/A/Ubiquity
0x0000000003198000 	/System/Library/PrivateFrameworks/IconServices.framework/Versions/A/IconServices
0x0000000003198000 	/System/Library/PrivateFrameworks/ChunkingLibrary.framework/Versions/A/ChunkingLibrary
0x0000000003198000 	/System/Library/PrivateFrameworks/Apple80211.framework/Versions/A/Apple80211
0x0000000003198000 	/System/Library/Frameworks/CoreWLAN.framework/Versions/A/CoreWLAN
0x0000000003198000 	/System/Library/Frameworks/IOBluetooth.framework/Versions/A/IOBluetooth
0x0000000003198000 	/System/Library/PrivateFrameworks/CoreWiFi.framework/Versions/A/CoreWiFi
0x0000000003198000 	/System/Library/Frameworks/CoreBluetooth.framework/Versions/A/CoreBluetooth
0x0000000003198000 	/System/Library/PrivateFrameworks/DebugSymbols.framework/Versions/A/DebugSymbols
0x0000000003198000 	/System/Library/PrivateFrameworks/CoreSymbolication.framework/Versions/A/CoreSymbolication
0x0000000003198000 	/System/Library/PrivateFrameworks/Symbolication.framework/Versions/A/Symbolication
0x0000000003198000 	/System/Library/PrivateFrameworks/SpeechRecognitionCore.framework/Versions/A/SpeechRecognitionCore
0x0000000101661000 	/Library/Java/JavaVirtualMachines/jdk1.8.0_25.jdk/Contents/Home/jre/lib/server/libjvm.dylib
0x0000000003198000 	/usr/lib/libstdc++.6.dylib
0x0000000102680000 	/Library/Java/JavaVirtualMachines/jdk1.8.0_25.jdk/Contents/Home/jre/lib/libverify.dylib
0x000000010268e000 	/Library/Java/JavaVirtualMachines/jdk1.8.0_25.jdk/Contents/Home/jre/lib/libjava.dylib
0x00000001026e3000 	/Library/Java/JavaVirtualMachines/jdk1.8.0_25.jdk/Contents/Home/jre/lib/libzip.dylib
0x0000000118f71000 	/System/Library/Frameworks/JavaVM.framework/Frameworks/JavaRuntimeSupport.framework/JavaRuntimeSupport
0x0000000118f87000 	/System/Library/Frameworks/JavaVM.framework/Versions/A/Frameworks/JavaNativeFoundation.framework/Versions/A/JavaNativeFoundation
0x00000001027f0000 	/System/Library/Frameworks/JavaVM.framework/Versions/A/JavaVM
0x0000000003198000 	/System/Library/Frameworks/Carbon.framework/Versions/A/Carbon
0x0000000118f9b000 	/System/Library/PrivateFrameworks/JavaLaunching.framework/Versions/A/JavaLaunching
0x0000000003198000 	/System/Library/Frameworks/Carbon.framework/Versions/A/Frameworks/CommonPanels.framework/Versions/A/CommonPanels
0x0000000003198000 	/System/Library/Frameworks/Carbon.framework/Versions/A/Frameworks/Help.framework/Versions/A/Help
0x0000000003198000 	/System/Library/Frameworks/Carbon.framework/Versions/A/Frameworks/ImageCapture.framework/Versions/A/ImageCapture
0x0000000003198000 	/System/Library/Frameworks/Carbon.framework/Versions/A/Frameworks/OpenScripting.framework/Versions/A/OpenScripting
0x0000000003198000 	/System/Library/Frameworks/Carbon.framework/Versions/A/Frameworks/Print.framework/Versions/A/Print
0x0000000003198000 	/System/Library/Frameworks/Carbon.framework/Versions/A/Frameworks/SecurityHI.framework/Versions/A/SecurityHI

VM Arguments:
jvm_args: -Dfile.encoding=UTF-8 
java_command: sg.edu.nus.cs2020.Sort
java_class_path (initial): /Users/xbili/Desktop/Workspace/CS2020-PS3-1/bin:/Users/xbili/Dropbox/NUS Modules/CS2020/Problem Sets/pset3/Code/Sorters.jar
Launcher Type: SUN_STANDARD

Environment Variables:
PATH=/usr/bin:/bin:/usr/sbin:/sbin
SHELL=/bin/bash

Signal Handlers:
SIGSEGV: [libjvm.dylib+0x579dc7], sa_mask[0]=11111111011111110111111111111111, sa_flags=SA_ONSTACK|SA_RESTART|SA_SIGINFO
SIGBUS: [libjvm.dylib+0x579dc7], sa_mask[0]=11111111011111110111111111111111, sa_flags=SA_RESTART|SA_SIGINFO
SIGFPE: [libjvm.dylib+0x45b030], sa_mask[0]=11111111011111110111111111111111, sa_flags=SA_RESTART|SA_SIGINFO
SIGPIPE: [libjvm.dylib+0x45b030], sa_mask[0]=11111111011111110111111111111111, sa_flags=SA_RESTART|SA_SIGINFO
SIGXFSZ: [libjvm.dylib+0x45b030], sa_mask[0]=11111111011111110111111111111111, sa_flags=SA_RESTART|SA_SIGINFO
SIGILL: [libjvm.dylib+0x45b030], sa_mask[0]=11111111011111110111111111111111, sa_flags=SA_RESTART|SA_SIGINFO
SIGUSR1: SIG_DFL, sa_mask[0]=00000000000000000000000000000000, sa_flags=none
SIGUSR2: [libjvm.dylib+0x45ab4e], sa_mask[0]=00100000000000000000000000000000, sa_flags=SA_RESTART|SA_SIGINFO
SIGHUP: [libjvm.dylib+0x459121], sa_mask[0]=11111111011111110111111111111111, sa_flags=SA_RESTART|SA_SIGINFO
SIGINT: [libjvm.dylib+0x459121], sa_mask[0]=11111111011111110111111111111111, sa_flags=SA_RESTART|SA_SIGINFO
SIGTERM: [libjvm.dylib+0x459121], sa_mask[0]=11111111011111110111111111111111, sa_flags=SA_RESTART|SA_SIGINFO
SIGQUIT: [libjvm.dylib+0x459121], sa_mask[0]=11111111011111110111111111111111, sa_flags=SA_RESTART|SA_SIGINFO


---------------  S Y S T E M  ---------------

OS:Bsduname:Darwin 14.1.0 Darwin Kernel Version 14.1.0: Mon Dec 22 23:10:38 PST 2014; root:xnu-2782.10.72~2/RELEASE_X86_64 x86_64
rlimit: STACK 8192k, CORE 0k, NPROC 709, NOFILE 10240, AS infinity
load average:3.98 4.17 3.61

CPU:total 4 (2 cores per cpu, 2 threads per core) family 6 model 58 stepping 9, cmov, cx8, fxsr, mmx, sse, sse2, sse3, ssse3, sse4.1, sse4.2, popcnt, avx, aes, clmul, erms, ht, tsc, tscinvbit, tscinv

Memory: 4k page, physical 8388608k(2495604k free)

/proc/meminfo:


vm_info: Java HotSpot(TM) 64-Bit Server VM (25.25-b02) for bsd-amd64 JRE (1.8.0_25-b17), built on Sep 17 2014 16:56:50 by "java_re" with gcc 4.2.1 (Based on Apple Inc. build 5658) (LLVM build 2336.11.00)

time: Sun Feb  1 21:03:27 2015
elapsed time: 823 seconds (0d 0h 13m 43s)

