#
# A fatal error has been detected by the Java Runtime Environment:
#
#  SIGSEGV (0xb) at pc=0x0000000101e6c151, pid=2226, tid=3331
#
# JRE version: Java(TM) SE Runtime Environment (8.0_25-b17) (build 1.8.0_25-b17)
# Java VM: Java HotSpot(TM) 64-Bit Server VM (25.25-b02 mixed mode bsd-amd64 compressed oops)
# Problematic frame:
# j  java.util.IdentityHashMap.put(Ljava/lang/Object;Ljava/lang/Object;)Ljava/lang/Object;+19
#
# Failed to write core dump. Core dumps have been disabled. To enable core dumping, try "ulimit -c unlimited" before starting Java again
#
# If you would like to submit a bug report, please visit:
#   http://bugreport.sun.com/bugreport/crash.jsp
#

---------------  T H R E A D  ---------------

Current thread (0x00007fe871804000):  JavaThread "main" [_thread_in_Java, id=3331, stack(0x0000000101486000,0x0000000101586000)]

siginfo: si_signo: 11 (SIGSEGV), si_code: 1 (SEGV_MAPERR), si_addr: 0x00000000b276a7f0

Registers:
RAX=0x00000007c0000f28, RBX=0x00000000b276a7c8, RCX=0x0000000000000028, RDX=0x000000079587d4c0
RSP=0x0000000101585648, RBP=0x00000001015856a0, RSI=0x00000001015855f8, RDI=0x0000000101e52450
R8 =0x0000000100def840, R9 =0x000000000000000c, R10=0x0000000100e14590, R11=0x00000001015855f0
R12=0x0000000000000000, R13=0x000000011635a498, R14=0x00000001015856f0, R15=0x00007fe871804000
RIP=0x0000000101e6c151, EFLAGS=0x0000000000010287, ERR=0x0000000000000004
  TRAPNO=0x000000000000000e

Top of Stack: (sp=0x0000000101585648)
0x0000000101585648:   0000000101585850 0000000000000030
0x0000000101585658:   000000079587d3f0 0000000101585660
0x0000000101585668:   000000011635a453 00000001015856f0
0x0000000101585678:   000000011635b918 0000000000000000
0x0000000101585688:   000000011635a4d8 0000000000000000
0x0000000101585698:   00000001015856e0 0000000101585738
0x00000001015856a8:   0000000101e52864 0000000000000000
0x00000001015856b8:   0000000000000000 0000000000000030
0x00000001015856c8:   0000000000000040 000000079587d3f0
0x00000001015856d8:   0000000101585850 00000007955abc38
0x00000001015856e8:   0000000101585850 000000079587d3c8
0x00000001015856f8:   00000001015856f8 00000001162607f8
0x0000000101585708:   0000000101585750 0000000116261260
0x0000000101585718:   0000000000000000 0000000116260810
0x0000000101585728:   00000001015856e0 0000000101585748
0x0000000101585738:   0000000101585798 0000000101e52225
0x0000000101585748:   0000000101585850 000000079587d500
0x0000000101585758:   0000000101585758 00000001161075d5
0x0000000101585768:   00000001015857f0 0000000116182be8
0x0000000101585778:   0000000000000000 00000001161076a8
0x0000000101585788:   0000000101585748 00000001015857e8
0x0000000101585798:   0000000101585838 0000000101e52a0d
0x00000001015857a8:   0000000000000000 0000000000000000
0x00000001015857b8:   0000000000000000 0000000000000000
0x00000001015857c8:   0000000000000000 0000000000000000
0x00000001015857d8:   0000000000000000 000000079587d500
0x00000001015857e8:   000000079587d3b8 0000000101585850
0x00000001015857f8:   00000001015857f8 0000000116107941
0x0000000101585808:   0000000101585850 0000000116182be8
0x0000000101585818:   0000000000000000 0000000116107950
0x0000000101585828:   00000001015857e8 0000000101585848
0x0000000101585838:   0000000101585890 0000000101e52450 

Instructions: (pc=0x0000000101e6c151)
0x0000000101e6c131:   89 59 10 bf 01 00 00 00 48 89 79 18 48 83 c1 30
0x0000000101e6c141:   48 89 4d e0 48 3b d8 0f 84 5a 00 00 00 8b 48 0c
0x0000000101e6c151:   48 3b 04 0b 0f 84 4d 00 00 00 83 f9 18 0f 85 22
0x0000000101e6c161:   00 00 00 50 48 8b c0 57 48 8b 7b 20 8b 0f 48 83 

Register to memory mapping:

RAX=0x00000007c0000f28 is pointing into metadata
RBX=0x00000000b276a7c8 is an unknown value
RCX=0x0000000000000028 is an unknown value
RDX=0x000000079587d4c0 is an oop

[error occurred during error reporting (printing register info), id 0xb]

Stack: [0x0000000101486000,0x0000000101586000],  sp=0x0000000101585648,  free space=1021k
Native frames: (J=compiled Java code, j=interpreted, Vv=VM code, C=native code)
j  java.util.IdentityHashMap.put(Ljava/lang/Object;Ljava/lang/Object;)Ljava/lang/Object;+19
j  java.util.Collections$SetFromMap.add(Ljava/lang/Object;)Z+8
j  java.lang.Throwable.printStackTrace(Ljava/lang/Throwable$PrintStreamOrWriter;)V+13
j  java.lang.Throwable.printStackTrace(Ljava/io/PrintWriter;)V+9
j  sg.edu.nus.cs2020.CoconutHunter.findLightCoconut(Lsg/edu/nus/cs2020/BunchOfCoconuts;)I+25
j  sg.edu.nus.cs2020.CoconutHunter.main([Ljava/lang/String;)V+14
v  ~StubRoutines::call_stub
V  [libjvm.dylib+0x2d4516]  JavaCalls::call_helper(JavaValue*, methodHandle*, JavaCallArguments*, Thread*)+0x6ae
V  [libjvm.dylib+0x30958b]  jni_invoke_static(JNIEnv_*, JavaValue*, _jobject*, JNICallType, _jmethodID*, JNI_ArgumentPusher*, Thread*)+0x1bf
V  [libjvm.dylib+0x302785]  jni_CallStaticVoidMethod+0x15d
C  [java+0x2c82]  JavaMain+0x998
C  [libsystem_pthread.dylib+0x3268]  _pthread_body+0x83
C  [libsystem_pthread.dylib+0x31e5]  _pthread_body+0x0
C  [libsystem_pthread.dylib+0x141d]  thread_start+0xd
C  0x0000000000000000


---------------  P R O C E S S  ---------------

Java Threads: ( => current thread )
  0x00007fe87104e000 JavaThread "Service Thread" daemon [_thread_blocked, id=19715, stack(0x0000000119e17000,0x0000000119f17000)]
  0x00007fe87200d000 JavaThread "C1 CompilerThread2" daemon [_thread_blocked, id=19203, stack(0x0000000119d14000,0x0000000119e14000)]
  0x00007fe87182b000 JavaThread "C2 CompilerThread1" daemon [_thread_blocked, id=18691, stack(0x0000000119c11000,0x0000000119d11000)]
  0x00007fe87104f000 JavaThread "C2 CompilerThread0" daemon [_thread_blocked, id=18179, stack(0x0000000119b0e000,0x0000000119c0e000)]
  0x00007fe871817800 JavaThread "JDWP Command Reader" daemon [_thread_in_native, id=17667, stack(0x0000000119a0b000,0x0000000119b0b000)]
  0x00007fe872012000 JavaThread "JDWP Event Helper Thread" daemon [_thread_blocked, id=17155, stack(0x0000000119908000,0x0000000119a08000)]
  0x00007fe87200c000 JavaThread "JDWP Transport Listener: dt_socket" daemon [_thread_blocked, id=16643, stack(0x0000000119805000,0x0000000119905000)]
  0x00007fe870820800 JavaThread "Signal Dispatcher" daemon [_thread_blocked, id=13579, stack(0x0000000119702000,0x0000000119802000)]
  0x00007fe87104c000 JavaThread "Finalizer" daemon [_thread_blocked, id=11523, stack(0x0000000117dbd000,0x0000000117ebd000)]
  0x00007fe87104b800 JavaThread "Reference Handler" daemon [_thread_blocked, id=11011, stack(0x0000000117cba000,0x0000000117dba000)]
=>0x00007fe871804000 JavaThread "main" [_thread_in_Java, id=3331, stack(0x0000000101486000,0x0000000101586000)]

Other Threads:
  0x00007fe871048800 VMThread [stack: 0x0000000117bb7000,0x0000000117cb7000] [id=10499]
  0x00007fe87109c800 WatcherThread [stack: 0x0000000119f1a000,0x000000011a01a000] [id=20227]

VM state:not at safepoint (normal execution)

VM Mutex/Monitor currently owned by a thread: None

Heap:
 PSYoungGen      total 38400K, used 3718K [0x0000000795580000, 0x0000000798000000, 0x00000007c0000000)
  eden space 33280K, 11% used [0x0000000795580000,0x0000000795921b80,0x0000000797600000)
  from space 5120K, 0% used [0x0000000797b00000,0x0000000797b00000,0x0000000798000000)
  to   space 5120K, 0% used [0x0000000797600000,0x0000000797600000,0x0000000797b00000)
 ParOldGen       total 87552K, used 0K [0x0000000740000000, 0x0000000745580000, 0x0000000795580000)
  object space 87552K, 0% used [0x0000000740000000,0x0000000740000000,0x0000000745580000)
 Metaspace       used 2824K, capacity 4500K, committed 4864K, reserved 1056768K
  class space    used 304K, capacity 388K, committed 512K, reserved 1048576K

Card table byte_map: [0x000000011120b000,0x000000011160c000] byte_map_base: 0x000000010d80b000

Marking Bits: (ParMarkBitMap*) 0x0000000100e06390
 Begin Bits: [0x0000000111cc3000, 0x0000000113cc3000)
 End Bits:   [0x0000000113cc3000, 0x0000000115cc3000)

Polling page: 0x00000001015e1000

CodeCache: size=245760Kb used=1116Kb max_used=1116Kb free=244643Kb
 bounds [0x0000000101e4b000, 0x00000001020bb000, 0x0000000110e4b000]
 total_blobs=252 nmethods=26 adapters=150
 compilation: enabled

Compilation events (10 events):
Event: 0.266 Thread 0x00007fe87200d000   20       3       java.io.DataInputStream::readUnsignedShort (39 bytes)
Event: 0.266 Thread 0x00007fe87200d000 nmethod 20 0x0000000101f605d0 code [0x0000000101f60780, 0x0000000101f60b48]
Event: 0.272 Thread 0x00007fe87200d000   23       1       java.lang.Object::<init> (1 bytes)
Event: 0.272 Thread 0x00007fe87200d000 nmethod 23 0x0000000101f610d0 code [0x0000000101f61220, 0x0000000101f61330]
Event: 0.272 Thread 0x00007fe87200d000   24       3       java.lang.String::getChars (62 bytes)
Event: 0.273 Thread 0x00007fe87200d000 nmethod 24 0x0000000101f615d0 code [0x0000000101f617a0, 0x0000000101f61c38]
Event: 0.280 Thread 0x00007fe87200d000   25       1       java.lang.ThreadLocal::access$400 (5 bytes)
Event: 0.280 Thread 0x00007fe87200d000 nmethod 25 0x0000000101f61f10 code [0x0000000101f62060, 0x0000000101f62150]
Event: 0.282 Thread 0x00007fe87200d000   26       3       java.lang.System::getSecurityManager (4 bytes)
Event: 0.282 Thread 0x00007fe87200d000 nmethod 26 0x0000000101f621d0 code [0x0000000101f62320, 0x0000000101f62470]

GC Heap History (0 events):
No events

Deoptimization events (0 events):
No events

Internal exceptions (5 events):
Event: 0.055 Thread 0x00007fe871804000 Exception <a 'java/lang/NoSuchMethodError': Method sun.misc.Unsafe.defineClass(Ljava/lang/String;[BII)Ljava/lang/Class; name or signature does not match> (0x0000000795591fe0) thrown at [/HUDSON3/workspace/8-2-build-macosx-x86_64/jdk8u25/1514/hotspot/src/s
Event: 0.055 Thread 0x00007fe871804000 Exception <a 'java/lang/NoSuchMethodError': Method sun.misc.Unsafe.prefetchRead(Ljava/lang/Object;J)V name or signature does not match> (0x0000000795592270) thrown at [/HUDSON3/workspace/8-2-build-macosx-x86_64/jdk8u25/1514/hotspot/src/share/vm/prims/jni.
Event: 0.272 Thread 0x00007fe871804000 Exception <a 'java/security/PrivilegedActionException'> (0x0000000795616fd0) thrown at [/HUDSON3/workspace/8-2-build-macosx-x86_64/jdk8u25/1514/hotspot/src/share/vm/prims/jvm.cpp, line 1312]
Event: 0.280 Thread 0x00007fe871804000 Exception <a 'java/security/PrivilegedActionException'> (0x000000079561d528) thrown at [/HUDSON3/workspace/8-2-build-macosx-x86_64/jdk8u25/1514/hotspot/src/share/vm/prims/jvm.cpp, line 1312]
Event: 0.281 Thread 0x00007fe871804000 Exception <a 'java/security/PrivilegedActionException'> (0x0000000795621658) thrown at [/HUDSON3/workspace/8-2-build-macosx-x86_64/jdk8u25/1514/hotspot/src/share/vm/prims/jvm.cpp, line 1312]

Events (10 events):
Event: 36.237 loading class java/lang/Throwable$WrappedPrintStream
Event: 36.237 loading class java/lang/Throwable$PrintStreamOrWriter
Event: 36.237 loading class java/lang/Throwable$PrintStreamOrWriter done
Event: 36.237 loading class java/lang/Throwable$WrappedPrintStream done
Event: 36.238 loading class java/util/IdentityHashMap
Event: 36.238 loading class java/util/IdentityHashMap done
Event: 36.238 loading class java/util/IdentityHashMap$KeySet
Event: 36.238 loading class java/util/IdentityHashMap$KeySet done
Event: 36.239 loading class java/lang/Throwable$WrappedPrintWriter
Event: 36.239 loading class java/lang/Throwable$WrappedPrintWriter done


Dynamic libraries:
0x000000000b4cd000 	/System/Library/Frameworks/Cocoa.framework/Versions/A/Cocoa
0x000000000b4cd000 	/System/Library/Frameworks/Security.framework/Versions/A/Security
0x000000000b4cd000 	/System/Library/Frameworks/ApplicationServices.framework/Versions/A/ApplicationServices
0x000000000b4cd000 	/usr/lib/libz.1.dylib
0x000000000b4cd000 	/usr/lib/libSystem.B.dylib
0x000000000b4cd000 	/usr/lib/libobjc.A.dylib
0x000000000b4cd000 	/System/Library/Frameworks/CoreFoundation.framework/Versions/A/CoreFoundation
0x000000000b4cd000 	/System/Library/Frameworks/Foundation.framework/Versions/C/Foundation
0x000000000b4cd000 	/System/Library/Frameworks/AppKit.framework/Versions/C/AppKit
0x000000000b4cd000 	/System/Library/Frameworks/CoreData.framework/Versions/A/CoreData
0x000000000b4cd000 	/System/Library/PrivateFrameworks/RemoteViewServices.framework/Versions/A/RemoteViewServices
0x000000000b4cd000 	/System/Library/PrivateFrameworks/UIFoundation.framework/Versions/A/UIFoundation
0x000000000b4cd000 	/System/Library/Frameworks/IOSurface.framework/Versions/A/IOSurface
0x000000000b4cd000 	/System/Library/Frameworks/AudioToolbox.framework/Versions/A/AudioToolbox
0x000000000b4cd000 	/System/Library/Frameworks/AudioUnit.framework/Versions/A/AudioUnit
0x000000000b4cd000 	/System/Library/PrivateFrameworks/DataDetectorsCore.framework/Versions/A/DataDetectorsCore
0x000000000b4cd000 	/System/Library/PrivateFrameworks/DesktopServicesPriv.framework/Versions/A/DesktopServicesPriv
0x000000000b4cd000 	/System/Library/Frameworks/Carbon.framework/Versions/A/Frameworks/HIToolbox.framework/Versions/A/HIToolbox
0x000000000b4cd000 	/System/Library/Frameworks/QuartzCore.framework/Versions/A/QuartzCore
0x000000000b4cd000 	/System/Library/Frameworks/Carbon.framework/Versions/A/Frameworks/SpeechRecognition.framework/Versions/A/SpeechRecognition
0x000000000b4cd000 	/usr/lib/libauto.dylib
0x000000000b4cd000 	/usr/lib/libicucore.A.dylib
0x000000000b4cd000 	/usr/lib/libxml2.2.dylib
0x000000000b4cd000 	/System/Library/PrivateFrameworks/CoreUI.framework/Versions/A/CoreUI
0x000000000b4cd000 	/System/Library/Frameworks/CoreAudio.framework/Versions/A/CoreAudio
0x000000000b4cd000 	/System/Library/Frameworks/DiskArbitration.framework/Versions/A/DiskArbitration
0x000000000b4cd000 	/usr/lib/liblangid.dylib
0x000000000b4cd000 	/System/Library/PrivateFrameworks/MultitouchSupport.framework/Versions/A/MultitouchSupport
0x000000000b4cd000 	/System/Library/Frameworks/IOKit.framework/Versions/A/IOKit
0x000000000b4cd000 	/usr/lib/libDiagnosticMessagesClient.dylib
0x000000000b4cd000 	/System/Library/Frameworks/CoreServices.framework/Versions/A/CoreServices
0x000000000b4cd000 	/System/Library/PrivateFrameworks/PerformanceAnalysis.framework/Versions/A/PerformanceAnalysis
0x000000000b4cd000 	/System/Library/PrivateFrameworks/GenerationalStorage.framework/Versions/A/GenerationalStorage
0x000000000b4cd000 	/System/Library/Frameworks/OpenGL.framework/Versions/A/OpenGL
0x000000000b4cd000 	/System/Library/PrivateFrameworks/Sharing.framework/Versions/A/Sharing
0x000000000b4cd000 	/System/Library/Frameworks/CoreGraphics.framework/Versions/A/CoreGraphics
0x000000000b4cd000 	/System/Library/Frameworks/CoreText.framework/Versions/A/CoreText
0x000000000b4cd000 	/System/Library/Frameworks/ImageIO.framework/Versions/A/ImageIO
0x000000000b4cd000 	/usr/lib/libextension.dylib
0x000000000b4cd000 	/System/Library/PrivateFrameworks/Backup.framework/Versions/A/Backup
0x000000000b4cd000 	/usr/lib/libarchive.2.dylib
0x000000000b4cd000 	/System/Library/Frameworks/CFNetwork.framework/Versions/A/CFNetwork
0x000000000b4cd000 	/System/Library/Frameworks/SystemConfiguration.framework/Versions/A/SystemConfiguration
0x000000000b4cd000 	/usr/lib/libCRFSuite.dylib
0x000000000b4cd000 	/usr/lib/libc++.1.dylib
0x000000000b4cd000 	/usr/lib/libc++abi.dylib
0x000000000b4cd000 	/usr/lib/system/libcache.dylib
0x000000000b4cd000 	/usr/lib/system/libcommonCrypto.dylib
0x000000000b4cd000 	/usr/lib/system/libcompiler_rt.dylib
0x000000000b4cd000 	/usr/lib/system/libcopyfile.dylib
0x000000000b4cd000 	/usr/lib/system/libcorecrypto.dylib
0x000000000b4cd000 	/usr/lib/system/libdispatch.dylib
0x000000000b4cd000 	/usr/lib/system/libdyld.dylib
0x000000000b4cd000 	/usr/lib/system/libkeymgr.dylib
0x000000000b4cd000 	/usr/lib/system/liblaunch.dylib
0x000000000b4cd000 	/usr/lib/system/libmacho.dylib
0x000000000b4cd000 	/usr/lib/system/libquarantine.dylib
0x000000000b4cd000 	/usr/lib/system/libremovefile.dylib
0x000000000b4cd000 	/usr/lib/system/libsystem_asl.dylib
0x000000000b4cd000 	/usr/lib/system/libsystem_blocks.dylib
0x000000000b4cd000 	/usr/lib/system/libsystem_c.dylib
0x000000000b4cd000 	/usr/lib/system/libsystem_configuration.dylib
0x000000000b4cd000 	/usr/lib/system/libsystem_coreservices.dylib
0x000000000b4cd000 	/usr/lib/system/libsystem_coretls.dylib
0x000000000b4cd000 	/usr/lib/system/libsystem_dnssd.dylib
0x000000000b4cd000 	/usr/lib/system/libsystem_info.dylib
0x000000000b4cd000 	/usr/lib/system/libsystem_kernel.dylib
0x000000000b4cd000 	/usr/lib/system/libsystem_m.dylib
0x000000000b4cd000 	/usr/lib/system/libsystem_malloc.dylib
0x000000000b4cd000 	/usr/lib/system/libsystem_network.dylib
0x000000000b4cd000 	/usr/lib/system/libsystem_networkextension.dylib
0x000000000b4cd000 	/usr/lib/system/libsystem_notify.dylib
0x000000000b4cd000 	/usr/lib/system/libsystem_platform.dylib
0x000000000b4cd000 	/usr/lib/system/libsystem_pthread.dylib
0x000000000b4cd000 	/usr/lib/system/libsystem_sandbox.dylib
0x000000000b4cd000 	/usr/lib/system/libsystem_secinit.dylib
0x000000000b4cd000 	/usr/lib/system/libsystem_stats.dylib
0x000000000b4cd000 	/usr/lib/system/libsystem_trace.dylib
0x000000000b4cd000 	/usr/lib/system/libunc.dylib
0x000000000b4cd000 	/usr/lib/system/libunwind.dylib
0x000000000b4cd000 	/usr/lib/system/libxpc.dylib
0x000000000b4cd000 	/usr/lib/libbz2.1.0.dylib
0x000000000b4cd000 	/usr/lib/liblzma.5.dylib
0x000000000b4cd000 	/usr/lib/libbsm.0.dylib
0x000000000b4cd000 	/usr/lib/libsqlite3.dylib
0x000000000b4cd000 	/usr/lib/system/libkxld.dylib
0x000000000b4cd000 	/usr/lib/libxar.1.dylib
0x000000000b4cd000 	/usr/lib/libpam.2.dylib
0x000000000b4cd000 	/usr/lib/libOpenScriptingUtil.dylib
0x000000000b4cd000 	/System/Library/Frameworks/CoreServices.framework/Versions/A/Frameworks/FSEvents.framework/Versions/A/FSEvents
0x000000000b4cd000 	/System/Library/Frameworks/CoreServices.framework/Versions/A/Frameworks/CarbonCore.framework/Versions/A/CarbonCore
0x000000000b4cd000 	/System/Library/Frameworks/CoreServices.framework/Versions/A/Frameworks/Metadata.framework/Versions/A/Metadata
0x000000000b4cd000 	/System/Library/Frameworks/CoreServices.framework/Versions/A/Frameworks/OSServices.framework/Versions/A/OSServices
0x000000000b4cd000 	/System/Library/Frameworks/CoreServices.framework/Versions/A/Frameworks/SearchKit.framework/Versions/A/SearchKit
0x000000000b4cd000 	/System/Library/Frameworks/CoreServices.framework/Versions/A/Frameworks/AE.framework/Versions/A/AE
0x000000000b4cd000 	/System/Library/Frameworks/CoreServices.framework/Versions/A/Frameworks/LaunchServices.framework/Versions/A/LaunchServices
0x000000000b4cd000 	/System/Library/Frameworks/CoreServices.framework/Versions/A/Frameworks/DictionaryServices.framework/Versions/A/DictionaryServices
0x000000000b4cd000 	/System/Library/Frameworks/NetFS.framework/Versions/A/NetFS
0x000000000b4cd000 	/System/Library/PrivateFrameworks/NetAuth.framework/Versions/A/NetAuth
0x000000000b4cd000 	/System/Library/PrivateFrameworks/login.framework/Versions/A/Frameworks/loginsupport.framework/Versions/A/loginsupport
0x000000000b4cd000 	/System/Library/PrivateFrameworks/TCC.framework/Versions/A/TCC
0x000000000b4cd000 	/usr/lib/libmecabra.dylib
0x000000000b4cd000 	/System/Library/Frameworks/ApplicationServices.framework/Versions/A/Frameworks/ATS.framework/Versions/A/ATS
0x000000000b4cd000 	/System/Library/Frameworks/ApplicationServices.framework/Versions/A/Frameworks/ColorSync.framework/Versions/A/ColorSync
0x000000000b4cd000 	/System/Library/Frameworks/ApplicationServices.framework/Versions/A/Frameworks/HIServices.framework/Versions/A/HIServices
0x000000000b4cd000 	/System/Library/Frameworks/ApplicationServices.framework/Versions/A/Frameworks/LangAnalysis.framework/Versions/A/LangAnalysis
0x000000000b4cd000 	/System/Library/Frameworks/ApplicationServices.framework/Versions/A/Frameworks/PrintCore.framework/Versions/A/PrintCore
0x000000000b4cd000 	/System/Library/Frameworks/ApplicationServices.framework/Versions/A/Frameworks/QD.framework/Versions/A/QD
0x000000000b4cd000 	/System/Library/Frameworks/ApplicationServices.framework/Versions/A/Frameworks/SpeechSynthesis.framework/Versions/A/SpeechSynthesis
0x000000000b4cd000 	/System/Library/Frameworks/Accelerate.framework/Versions/A/Accelerate
0x000000000b4cd000 	/System/Library/Frameworks/Accelerate.framework/Versions/A/Frameworks/vImage.framework/Versions/A/vImage
0x000000000b4cd000 	/System/Library/Frameworks/Accelerate.framework/Versions/A/Frameworks/vecLib.framework/Versions/A/vecLib
0x000000000b4cd000 	/System/Library/Frameworks/Accelerate.framework/Versions/A/Frameworks/vecLib.framework/Versions/A/libvDSP.dylib
0x000000000b4cd000 	/System/Library/Frameworks/Accelerate.framework/Versions/A/Frameworks/vecLib.framework/Versions/A/libvMisc.dylib
0x000000000b4cd000 	/System/Library/Frameworks/Accelerate.framework/Versions/A/Frameworks/vecLib.framework/Versions/A/libLAPACK.dylib
0x000000000b4cd000 	/System/Library/Frameworks/Accelerate.framework/Versions/A/Frameworks/vecLib.framework/Versions/A/libBLAS.dylib
0x000000000b4cd000 	/System/Library/Frameworks/Accelerate.framework/Versions/A/Frameworks/vecLib.framework/Versions/A/libLinearAlgebra.dylib
0x000000000b4cd000 	/System/Library/Frameworks/ApplicationServices.framework/Versions/A/Frameworks/ATS.framework/Versions/A/Resources/libFontParser.dylib
0x000000000b4cd000 	/System/Library/Frameworks/ApplicationServices.framework/Versions/A/Frameworks/ATS.framework/Versions/A/Resources/libFontRegistry.dylib
0x000000000b4cd000 	/System/Library/PrivateFrameworks/AppleVPA.framework/Versions/A/AppleVPA
0x000000000b4cd000 	/System/Library/PrivateFrameworks/AppleJPEG.framework/Versions/A/AppleJPEG
0x000000000b4cd000 	/System/Library/Frameworks/ImageIO.framework/Versions/A/Resources/libJPEG.dylib
0x000000000b4cd000 	/System/Library/Frameworks/ImageIO.framework/Versions/A/Resources/libTIFF.dylib
0x000000000b4cd000 	/System/Library/Frameworks/ImageIO.framework/Versions/A/Resources/libPng.dylib
0x000000000b4cd000 	/System/Library/Frameworks/ImageIO.framework/Versions/A/Resources/libGIF.dylib
0x000000000b4cd000 	/System/Library/Frameworks/ImageIO.framework/Versions/A/Resources/libJP2.dylib
0x000000000b4cd000 	/System/Library/Frameworks/ImageIO.framework/Versions/A/Resources/libRadiance.dylib
0x000000000b4cd000 	/System/Library/Frameworks/CoreVideo.framework/Versions/A/CoreVideo
0x000000000b4cd000 	/System/Library/Frameworks/OpenGL.framework/Versions/A/Libraries/libGLU.dylib
0x000000000b4cd000 	/System/Library/Frameworks/OpenGL.framework/Versions/A/Libraries/libGFXShared.dylib
0x000000000b4cd000 	/System/Library/Frameworks/OpenGL.framework/Versions/A/Libraries/libGL.dylib
0x000000000b4cd000 	/System/Library/Frameworks/OpenGL.framework/Versions/A/Libraries/libGLImage.dylib
0x000000000b4cd000 	/System/Library/Frameworks/OpenGL.framework/Versions/A/Libraries/libCVMSPluginSupport.dylib
0x000000000b4cd000 	/System/Library/Frameworks/OpenGL.framework/Versions/A/Libraries/libCoreVMClient.dylib
0x000000000b4cd000 	/usr/lib/libcups.2.dylib
0x000000000b4cd000 	/System/Library/Frameworks/Kerberos.framework/Versions/A/Kerberos
0x000000000b4cd000 	/System/Library/Frameworks/GSS.framework/Versions/A/GSS
0x000000000b4cd000 	/usr/lib/libresolv.9.dylib
0x000000000b4cd000 	/usr/lib/libiconv.2.dylib
0x000000000b4cd000 	/System/Library/PrivateFrameworks/Heimdal.framework/Versions/A/Heimdal
0x000000000b4cd000 	/usr/lib/libheimdal-asn1.dylib
0x000000000b4cd000 	/System/Library/Frameworks/OpenDirectory.framework/Versions/A/OpenDirectory
0x000000000b4cd000 	/System/Library/PrivateFrameworks/CommonAuth.framework/Versions/A/CommonAuth
0x000000000b4cd000 	/System/Library/Frameworks/OpenDirectory.framework/Versions/A/Frameworks/CFOpenDirectory.framework/Versions/A/CFOpenDirectory
0x000000000b4cd000 	/System/Library/Frameworks/SecurityFoundation.framework/Versions/A/SecurityFoundation
0x000000000b4cd000 	/System/Library/PrivateFrameworks/LanguageModeling.framework/Versions/A/LanguageModeling
0x000000000b4cd000 	/usr/lib/libcmph.dylib
0x000000000b4cd000 	/System/Library/Frameworks/ServiceManagement.framework/Versions/A/ServiceManagement
0x000000000b4cd000 	/usr/lib/libxslt.1.dylib
0x000000000b4cd000 	/System/Library/Frameworks/Carbon.framework/Versions/A/Frameworks/Ink.framework/Versions/A/Ink
0x000000000b4cd000 	/System/Library/Frameworks/QuartzCore.framework/Versions/A/Frameworks/CoreImage.framework/Versions/A/CoreImage
0x000000000b4cd000 	/System/Library/PrivateFrameworks/CrashReporterSupport.framework/Versions/A/CrashReporterSupport
0x000000000b4cd000 	/System/Library/Frameworks/OpenCL.framework/Versions/A/OpenCL
0x000000000b4cd000 	/System/Library/PrivateFrameworks/FaceCore.framework/Versions/A/FaceCore
0x000000000b4cd000 	/System/Library/PrivateFrameworks/Ubiquity.framework/Versions/A/Ubiquity
0x000000000b4cd000 	/System/Library/PrivateFrameworks/IconServices.framework/Versions/A/IconServices
0x000000000b4cd000 	/System/Library/PrivateFrameworks/ChunkingLibrary.framework/Versions/A/ChunkingLibrary
0x000000000b4cd000 	/System/Library/PrivateFrameworks/Apple80211.framework/Versions/A/Apple80211
0x000000000b4cd000 	/System/Library/Frameworks/CoreWLAN.framework/Versions/A/CoreWLAN
0x000000000b4cd000 	/System/Library/Frameworks/IOBluetooth.framework/Versions/A/IOBluetooth
0x000000000b4cd000 	/System/Library/PrivateFrameworks/CoreWiFi.framework/Versions/A/CoreWiFi
0x000000000b4cd000 	/System/Library/Frameworks/CoreBluetooth.framework/Versions/A/CoreBluetooth
0x000000000b4cd000 	/System/Library/PrivateFrameworks/DebugSymbols.framework/Versions/A/DebugSymbols
0x000000000b4cd000 	/System/Library/PrivateFrameworks/CoreSymbolication.framework/Versions/A/CoreSymbolication
0x000000000b4cd000 	/System/Library/PrivateFrameworks/Symbolication.framework/Versions/A/Symbolication
0x000000000b4cd000 	/System/Library/PrivateFrameworks/SpeechRecognitionCore.framework/Versions/A/SpeechRecognitionCore
0x0000000100569000 	/Library/Java/JavaVirtualMachines/jdk1.8.0_25.jdk/Contents/Home/jre/lib/server/libjvm.dylib
0x000000000b4cd000 	/usr/lib/libstdc++.6.dylib
0x000000010159f000 	/Library/Java/JavaVirtualMachines/jdk1.8.0_25.jdk/Contents/Home/jre/lib/libverify.dylib
0x00000001015ad000 	/Library/Java/JavaVirtualMachines/jdk1.8.0_25.jdk/Contents/Home/jre/lib/libjava.dylib
0x0000000101e00000 	/Library/Java/JavaVirtualMachines/jdk1.8.0_25.jdk/Contents/Home/jre/lib/libjdwp.dylib
0x00000001015e2000 	/Library/Java/JavaVirtualMachines/jdk1.8.0_25.jdk/Contents/Home/jre/lib/libnpt.dylib
0x00000001015ef000 	/Library/Java/JavaVirtualMachines/jdk1.8.0_25.jdk/Contents/Home/jre/lib/libzip.dylib
0x0000000117ebf000 	/System/Library/Frameworks/JavaVM.framework/Frameworks/JavaRuntimeSupport.framework/JavaRuntimeSupport
0x0000000117ed5000 	/System/Library/Frameworks/JavaVM.framework/Versions/A/Frameworks/JavaNativeFoundation.framework/Versions/A/JavaNativeFoundation
0x0000000117ee9000 	/System/Library/Frameworks/JavaVM.framework/Versions/A/JavaVM
0x000000000b4cd000 	/System/Library/Frameworks/Carbon.framework/Versions/A/Carbon
0x0000000117ef5000 	/System/Library/PrivateFrameworks/JavaLaunching.framework/Versions/A/JavaLaunching
0x000000000b4cd000 	/System/Library/Frameworks/Carbon.framework/Versions/A/Frameworks/CommonPanels.framework/Versions/A/CommonPanels
0x000000000b4cd000 	/System/Library/Frameworks/Carbon.framework/Versions/A/Frameworks/Help.framework/Versions/A/Help
0x000000000b4cd000 	/System/Library/Frameworks/Carbon.framework/Versions/A/Frameworks/ImageCapture.framework/Versions/A/ImageCapture
0x000000000b4cd000 	/System/Library/Frameworks/Carbon.framework/Versions/A/Frameworks/OpenScripting.framework/Versions/A/OpenScripting
0x000000000b4cd000 	/System/Library/Frameworks/Carbon.framework/Versions/A/Frameworks/Print.framework/Versions/A/Print
0x000000000b4cd000 	/System/Library/Frameworks/Carbon.framework/Versions/A/Frameworks/SecurityHI.framework/Versions/A/SecurityHI
0x00000001015f9000 	/Library/Java/JavaVirtualMachines/jdk1.8.0_25.jdk/Contents/Home/jre/lib/libdt_socket.dylib

VM Arguments:
jvm_args: -agentlib:jdwp=transport=dt_socket,suspend=y,address=localhost:56900 -Dfile.encoding=UTF-8 
java_command: sg.edu.nus.cs2020.CoconutHunter
java_class_path (initial): /Users/xbili/Desktop/Workspace/CS2020-MockCodingQuiz/bin
Launcher Type: SUN_STANDARD

Environment Variables:
PATH=/usr/bin:/bin:/usr/sbin:/sbin
SHELL=/bin/bash

Signal Handlers:
SIGSEGV: [libjvm.dylib+0x579dc7], sa_mask[0]=11111111011111110111111111111111, sa_flags=SA_ONSTACK|SA_RESTART|SA_SIGINFO
SIGBUS: [libjvm.dylib+0x579dc7], sa_mask[0]=11111111011111110111111111111111, sa_flags=SA_RESTART|SA_SIGINFO
SIGFPE: [libjvm.dylib+0x45b030], sa_mask[0]=11111111011111110111111111111111, sa_flags=SA_RESTART|SA_SIGINFO
SIGPIPE: [libjvm.dylib+0x45b030], sa_mask[0]=11111111011111110111111111111111, sa_flags=SA_RESTART|SA_SIGINFO
SIGXFSZ: [libjvm.dylib+0x45b030], sa_mask[0]=11111111011111110111111111111111, sa_flags=SA_RESTART|SA_SIGINFO
SIGILL: [libjvm.dylib+0x45b030], sa_mask[0]=11111111011111110111111111111111, sa_flags=SA_RESTART|SA_SIGINFO
SIGUSR1: SIG_DFL, sa_mask[0]=00000000000000000000000000000000, sa_flags=none
SIGUSR2: [libjvm.dylib+0x45ab4e], sa_mask[0]=00100000000000000000000000000000, sa_flags=SA_RESTART|SA_SIGINFO
SIGHUP: [libjvm.dylib+0x459121], sa_mask[0]=11111111011111110111111111111111, sa_flags=SA_RESTART|SA_SIGINFO
SIGINT: [libjvm.dylib+0x459121], sa_mask[0]=11111111011111110111111111111111, sa_flags=SA_RESTART|SA_SIGINFO
SIGTERM: [libjvm.dylib+0x459121], sa_mask[0]=11111111011111110111111111111111, sa_flags=SA_RESTART|SA_SIGINFO
SIGQUIT: [libjvm.dylib+0x459121], sa_mask[0]=11111111011111110111111111111111, sa_flags=SA_RESTART|SA_SIGINFO


---------------  S Y S T E M  ---------------

OS:Bsduname:Darwin 14.1.0 Darwin Kernel Version 14.1.0: Mon Dec 22 23:10:38 PST 2014; root:xnu-2782.10.72~2/RELEASE_X86_64 x86_64
rlimit: STACK 8192k, CORE 0k, NPROC 709, NOFILE 10240, AS infinity
load average:2.73 2.46 2.11

CPU:total 4 (2 cores per cpu, 2 threads per core) family 6 model 58 stepping 9, cmov, cx8, fxsr, mmx, sse, sse2, sse3, ssse3, sse4.1, sse4.2, popcnt, avx, aes, clmul, erms, ht, tsc, tscinvbit, tscinv

Memory: 4k page, physical 8388608k(87180k free)

/proc/meminfo:


vm_info: Java HotSpot(TM) 64-Bit Server VM (25.25-b02) for bsd-amd64 JRE (1.8.0_25-b17), built on Sep 17 2014 16:56:50 by "java_re" with gcc 4.2.1 (Based on Apple Inc. build 5658) (LLVM build 2336.11.00)

time: Sat Feb 28 16:06:39 2015
elapsed time: 36 seconds (0d 0h 0m 36s)

